The system is: Windows - 10.0.19044 - AMD64
Compiling the C compiler identification source file "CMakeCCompilerId.c" succeeded.
Compiler: D:/Program(64)/MinGW/bin/gcc.exe 
Build flags: 
Id flags:  

The output was:
0


Compilation of the C compiler identification source "CMakeCCompilerId.c" produced "a.exe"

The C compiler identification is GNU, found in "C:/Users/itato/CLionProjects/Lab-7033009-002/cmake-build-debug/CMakeFiles/3.15.3/CompilerIdC/a.exe"

Compiling the CXX compiler identification source file "CMakeCXXCompilerId.cpp" succeeded.
Compiler: D:/Program(64)/MinGW/bin/g++.exe 
Build flags: 
Id flags:  

The output was:
0


Compilation of the CXX compiler identification source "CMakeCXXCompilerId.cpp" produced "a.exe"

The CXX compiler identification is GNU, found in "C:/Users/itato/CLionProjects/Lab-7033009-002/cmake-build-debug/CMakeFiles/3.15.3/CompilerIdCXX/a.exe"

Determining if the C compiler works passed with the following output:
Change Dir: C:/Users/itato/CLionProjects/Lab-7033009-002/cmake-build-debug/CMakeFiles/CMakeTmp

Run Build Command(s):D:/Program(64)/MinGW/bin/mingw32-make.exe cmTC_b51d0/fast && D:/Program(64)/MinGW/bin/mingw32-make.exe -f CMakeFiles\cmTC_b51d0.dir\build.make CMakeFiles/cmTC_b51d0.dir/build
mingw32-make.exe[1]: Entering directory 'C:/Users/itato/CLionProjects/Lab-7033009-002/cmake-build-debug/CMakeFiles/CMakeTmp'
Building C object CMakeFiles/cmTC_b51d0.dir/testCCompiler.c.obj
D:\Program(64)\MinGW\bin\gcc.exe    -o CMakeFiles\cmTC_b51d0.dir\testCCompiler.c.obj   -c C:\Users\itato\CLionProjects\Lab-7033009-002\cmake-build-debug\CMakeFiles\CMakeTmp\testCCompiler.c
Linking C executable cmTC_b51d0.exe
"D:\Program(64)\CLion 2019.3\bin\cmake\win\bin\cmake.exe" -E cmake_link_script CMakeFiles\cmTC_b51d0.dir\link.txt --verbose=1
"D:\Program(64)\CLion 2019.3\bin\cmake\win\bin\cmake.exe" -E remove -f CMakeFiles\cmTC_b51d0.dir/objects.a
D:\Program(64)\MinGW\bin\ar.exe cr CMakeFiles\cmTC_b51d0.dir/objects.a @CMakeFiles\cmTC_b51d0.dir\objects1.rsp
D:\Program(64)\MinGW\bin\gcc.exe      -Wl,--whole-archive CMakeFiles\cmTC_b51d0.dir/objects.a -Wl,--no-whole-archive  -o cmTC_b51d0.exe -Wl,--out-implib,libcmTC_b51d0.dll.a -Wl,--major-image-version,0,--minor-image-version,0 @CMakeFiles\cmTC_b51d0.dir\linklibs.rsp
mingw32-make.exe[1]: Leaving directory 'C:/Users/itato/CLionProjects/Lab-7033009-002/cmake-build-debug/CMakeFiles/CMakeTmp'



Determining if the CXX compiler works passed with the following output:
Change Dir: C:/Users/itato/CLionProjects/Lab-7033009-002/cmake-build-debug/CMakeFiles/CMakeTmp

Run Build Command(s):D:/Program(64)/MinGW/bin/mingw32-make.exe cmTC_80d0f/fast && D:/Program(64)/MinGW/bin/mingw32-make.exe -f CMakeFiles\cmTC_80d0f.dir\build.make CMakeFiles/cmTC_80d0f.dir/build
mingw32-make.exe[1]: Entering directory 'C:/Users/itato/CLionProjects/Lab-7033009-002/cmake-build-debug/CMakeFiles/CMakeTmp'
Building CXX object CMakeFiles/cmTC_80d0f.dir/testCXXCompiler.cxx.obj
D:\Program(64)\MinGW\bin\g++.exe     -o CMakeFiles\cmTC_80d0f.dir\testCXXCompiler.cxx.obj -c C:\Users\itato\CLionProjects\Lab-7033009-002\cmake-build-debug\CMakeFiles\CMakeTmp\testCXXCompiler.cxx
Linking CXX executable cmTC_80d0f.exe
"D:\Program(64)\CLion 2019.3\bin\cmake\win\bin\cmake.exe" -E cmake_link_script CMakeFiles\cmTC_80d0f.dir\link.txt --verbose=1
"D:\Program(64)\CLion 2019.3\bin\cmake\win\bin\cmake.exe" -E remove -f CMakeFiles\cmTC_80d0f.dir/objects.a
D:\Program(64)\MinGW\bin\ar.exe cr CMakeFiles\cmTC_80d0f.dir/objects.a @CMakeFiles\cmTC_80d0f.dir\objects1.rsp
D:\Program(64)\MinGW\bin\g++.exe      -Wl,--whole-archive CMakeFiles\cmTC_80d0f.dir/objects.a -Wl,--no-whole-archive  -o cmTC_80d0f.exe -Wl,--out-implib,libcmTC_80d0f.dll.a -Wl,--major-image-version,0,--minor-image-version,0 @CMakeFiles\cmTC_80d0f.dir\linklibs.rsp
mingw32-make.exe[1]: Leaving directory 'C:/Users/itato/CLionProjects/Lab-7033009-002/cmake-build-debug/CMakeFiles/CMakeTmp'



